[INFO] Scanning for projects...
[INFO] 
[INFO] -------------------------< com.package:01blog >-------------------------
[INFO] Building 01blog 0.0.1-SNAPSHOT
[INFO]   from pom.xml
[INFO] --------------------------------[ jar ]---------------------------------
[INFO] 
[INFO] >>> spring-boot:3.5.5:run (default-cli) > test-compile @ 01blog >>>
[INFO] 
[INFO] --- resources:3.3.1:resources (default-resources) @ 01blog ---
[INFO] Copying 1 resource from src/main/resources to target/classes
[INFO] Copying 1 resource from src/main/resources to target/classes
[INFO] 
[INFO] --- compiler:3.14.0:compile (default-compile) @ 01blog ---
[INFO] Nothing to compile - all classes are up to date.
[INFO] 
[INFO] --- resources:3.3.1:testResources (default-testResources) @ 01blog ---
[INFO] skip non existing resourceDirectory /home/youzar-boot/01Blog/backend/01blog/src/test/resources
[INFO] 
[INFO] --- compiler:3.14.0:testCompile (default-testCompile) @ 01blog ---
[INFO] Nothing to compile - all classes are up to date.
[INFO] 
[INFO] <<< spring-boot:3.5.5:run (default-cli) < test-compile @ 01blog <<<
[INFO] 
[INFO] 
[INFO] --- spring-boot:3.5.5:run (default-cli) @ 01blog ---
[INFO] Attaching agents: []

  .   ____          _            __ _ _
 /\\ / ___'_ __ _ _(_)_ __  __ _ \ \ \ \
( ( )\___ | '_ | '_| | '_ \/ _` | \ \ \ \
 \\/  ___)| |_)| | | | | || (_| |  ) ) ) )
  '  |____| .__|_| |_|_| |_\__, | / / / /
 =========|_|==============|___/=/_/_/_/

 :: Spring Boot ::                (v3.5.5)

2025-10-06T22:31:48.263+01:00  INFO 47105 --- [01blog] [           main] com.example.demo.Application             : Starting Application using Java 21.0.8 with PID 47105 (/home/youzar-boot/01Blog/backend/01blog/target/classes started by youzar-boot in /home/youzar-boot/01Blog/backend/01blog)
2025-10-06T22:31:48.266+01:00  INFO 47105 --- [01blog] [           main] com.example.demo.Application             : No active profile set, falling back to 1 default profile: "default"
2025-10-06T22:31:48.871+01:00  INFO 47105 --- [01blog] [           main] .s.d.r.c.RepositoryConfigurationDelegate : Bootstrapping Spring Data JPA repositories in DEFAULT mode.
2025-10-06T22:31:48.929+01:00  INFO 47105 --- [01blog] [           main] .s.d.r.c.RepositoryConfigurationDelegate : Finished Spring Data repository scanning in 51 ms. Found 7 JPA repository interfaces.
2025-10-06T22:31:49.421+01:00  INFO 47105 --- [01blog] [           main] o.s.b.w.embedded.tomcat.TomcatWebServer  : Tomcat initialized with port 9090 (http)
2025-10-06T22:31:49.432+01:00  INFO 47105 --- [01blog] [           main] o.apache.catalina.core.StandardService   : Starting service [Tomcat]
2025-10-06T22:31:49.433+01:00  INFO 47105 --- [01blog] [           main] o.apache.catalina.core.StandardEngine    : Starting Servlet engine: [Apache Tomcat/10.1.44]
2025-10-06T22:31:49.467+01:00  INFO 47105 --- [01blog] [           main] o.a.c.c.C.[Tomcat].[localhost].[/]       : Initializing Spring embedded WebApplicationContext
2025-10-06T22:31:49.467+01:00  INFO 47105 --- [01blog] [           main] w.s.c.ServletWebServerApplicationContext : Root WebApplicationContext: initialization completed in 1165 ms
2025-10-06T22:31:49.580+01:00  INFO 47105 --- [01blog] [           main] o.hibernate.jpa.internal.util.LogHelper  : HHH000204: Processing PersistenceUnitInfo [name: default]
2025-10-06T22:31:49.629+01:00  INFO 47105 --- [01blog] [           main] org.hibernate.Version                    : HHH000412: Hibernate ORM core version 6.6.26.Final
2025-10-06T22:31:49.652+01:00  INFO 47105 --- [01blog] [           main] o.h.c.internal.RegionFactoryInitiator    : HHH000026: Second-level cache disabled
2025-10-06T22:31:49.864+01:00  INFO 47105 --- [01blog] [           main] o.s.o.j.p.SpringPersistenceUnitInfo      : No LoadTimeWeaver setup: ignoring JPA class transformer
2025-10-06T22:31:49.886+01:00  INFO 47105 --- [01blog] [           main] com.zaxxer.hikari.HikariDataSource       : HikariPool-1 - Starting...
2025-10-06T22:31:50.043+01:00  INFO 47105 --- [01blog] [           main] com.zaxxer.hikari.pool.HikariPool        : HikariPool-1 - Added connection org.postgresql.jdbc.PgConnection@58182b96
2025-10-06T22:31:50.045+01:00  INFO 47105 --- [01blog] [           main] com.zaxxer.hikari.HikariDataSource       : HikariPool-1 - Start completed.
2025-10-06T22:31:50.076+01:00  WARN 47105 --- [01blog] [           main] org.hibernate.orm.deprecation            : HHH90000025: PostgreSQLDialect does not need to be specified explicitly using 'hibernate.dialect' (remove the property setting and it will be selected by default)
2025-10-06T22:31:50.103+01:00  INFO 47105 --- [01blog] [           main] org.hibernate.orm.connections.pooling    : HHH10001005: Database info:
	Database JDBC URL [Connecting through datasource 'HikariDataSource (HikariPool-1)']
	Database driver: undefined/unknown
	Database version: 15.14
	Autocommit mode: undefined/unknown
	Isolation level: undefined/unknown
	Minimum pool size: undefined/unknown
	Maximum pool size: undefined/unknown
2025-10-06T22:31:50.901+01:00  INFO 47105 --- [01blog] [           main] o.h.e.t.j.p.i.JtaPlatformInitiator       : HHH000489: No JTA platform available (set 'hibernate.transaction.jta.platform' to enable JTA platform integration)
2025-10-06T22:31:51.413+01:00  INFO 47105 --- [01blog] [           main] j.LocalContainerEntityManagerFactoryBean : Initialized JPA EntityManagerFactory for persistence unit 'default'
2025-10-06T22:31:51.729+01:00  INFO 47105 --- [01blog] [           main] r$InitializeUserDetailsManagerConfigurer : Global AuthenticationManager configured with UserDetailsService bean with name customUserDetailsService
2025-10-06T22:31:52.011+01:00  WARN 47105 --- [01blog] [           main] JpaBaseConfiguration$JpaWebConfiguration : spring.jpa.open-in-view is enabled by default. Therefore, database queries may be performed during view rendering. Explicitly configure spring.jpa.open-in-view to disable this warning
2025-10-06T22:31:52.563+01:00  INFO 47105 --- [01blog] [           main] o.s.m.s.b.SimpleBrokerMessageHandler     : Starting...
2025-10-06T22:31:52.564+01:00  INFO 47105 --- [01blog] [           main] o.s.m.s.b.SimpleBrokerMessageHandler     : BrokerAvailabilityEvent[available=true, SimpleBrokerMessageHandler [org.springframework.messaging.simp.broker.DefaultSubscriptionRegistry@72bef795]]
2025-10-06T22:31:52.565+01:00  INFO 47105 --- [01blog] [           main] o.s.m.s.b.SimpleBrokerMessageHandler     : Started.
2025-10-06T22:31:52.575+01:00  INFO 47105 --- [01blog] [           main] o.s.b.w.embedded.tomcat.TomcatWebServer  : Tomcat started on port 9090 (http) with context path '/'
2025-10-06T22:31:52.582+01:00  INFO 47105 --- [01blog] [           main] com.example.demo.Application             : Started Application in 4.679 seconds (process running for 4.906)
2025-10-06T22:32:52.569+01:00  INFO 47105 --- [01blog] [MessageBroker-1] o.s.w.s.c.WebSocketMessageBrokerStats    : WebSocketSession[0 current WS(0)-HttpStream(0)-HttpPoll(0), 0 total, 0 closed abnormally (0 connect failure, 0 send limit, 0 transport error)], stompSubProtocol[processed CONNECT(0)-CONNECTED(0)-DISCONNECT(0)], stompBrokerRelay[null], inboundChannel[pool size = 0, active threads = 0, queued tasks = 0, completed tasks = 0], outboundChannel[pool size = 0, active threads = 0, queued tasks = 0, completed tasks = 0], sockJsScheduler[pool size = 1, active threads = 1, queued tasks = 0, completed tasks = 0]
2025-10-06T23:13:03.570+01:00  INFO 47105 --- [01blog] [MessageBroker-1] o.s.w.s.c.WebSocketMessageBrokerStats    : WebSocketSession[0 current WS(0)-HttpStream(0)-HttpPoll(0), 0 total, 0 closed abnormally (0 connect failure, 0 send limit, 0 transport error)], stompSubProtocol[processed CONNECT(0)-CONNECTED(0)-DISCONNECT(0)], stompBrokerRelay[null], inboundChannel[pool size = 0, active threads = 0, queued tasks = 0, completed tasks = 0], outboundChannel[pool size = 0, active threads = 0, queued tasks = 0, completed tasks = 0], sockJsScheduler[pool size = 2, active threads = 1, queued tasks = 0, completed tasks = 1]
2025-10-06T23:43:03.577+01:00  INFO 47105 --- [01blog] [MessageBroker-2] o.s.w.s.c.WebSocketMessageBrokerStats    : WebSocketSession[0 current WS(0)-HttpStream(0)-HttpPoll(0), 0 total, 0 closed abnormally (0 connect failure, 0 send limit, 0 transport error)], stompSubProtocol[processed CONNECT(0)-CONNECTED(0)-DISCONNECT(0)], stompBrokerRelay[null], inboundChannel[pool size = 0, active threads = 0, queued tasks = 0, completed tasks = 0], outboundChannel[pool size = 0, active threads = 0, queued tasks = 0, completed tasks = 0], sockJsScheduler[pool size = 3, active threads = 1, queued tasks = 0, completed tasks = 2]
2025-10-07T00:44:08.465+01:00  INFO 47105 --- [01blog] [ionShutdownHook] o.s.b.w.e.tomcat.GracefulShutdown        : Commencing graceful shutdown. Waiting for active requests to complete
2025-10-07T00:44:08.483+01:00  INFO 47105 --- [01blog] [tomcat-shutdown] o.s.b.w.e.tomcat.GracefulShutdown        : Graceful shutdown complete
2025-10-07T00:44:08.507+01:00  INFO 47105 --- [01blog] [ionShutdownHook] o.s.m.s.b.SimpleBrokerMessageHandler     : Stopping...
2025-10-07T00:44:08.507+01:00  INFO 47105 --- [01blog] [ionShutdownHook] o.s.m.s.b.SimpleBrokerMessageHandler     : BrokerAvailabilityEvent[available=false, SimpleBrokerMessageHandler [org.springframework.messaging.simp.broker.DefaultSubscriptionRegistry@72bef795]]
2025-10-07T00:44:08.507+01:00  INFO 47105 --- [01blog] [ionShutdownHook] o.s.m.s.b.SimpleBrokerMessageHandler     : Stopped.
2025-10-07T00:44:08.511+01:00  INFO 47105 --- [01blog] [ionShutdownHook] j.LocalContainerEntityManagerFactoryBean : Closing JPA EntityManagerFactory for persistence unit 'default'
2025-10-07T00:44:08.514+01:00  INFO 47105 --- [01blog] [ionShutdownHook] com.zaxxer.hikari.HikariDataSource       : HikariPool-1 - Shutdown initiated...
2025-10-07T00:44:08.518+01:00  INFO 47105 --- [01blog] [ionShutdownHook] com.zaxxer.hikari.HikariDataSource       : HikariPool-1 - Shutdown completed.
